<?xml version="1.0" encoding="UTF-8"?>
<testng-results ignored="0" total="2" passed="2" failed="0" skipped="0">
  <reporter-output>
  </reporter-output>
  <suite started-at="2020-01-24T12:58:43 EST" name="Suite" finished-at="2020-01-24T12:59:19 EST" duration-ms="35977">
    <groups>
    </groups>
    <test started-at="2020-01-24T12:58:43 EST" name="Validating User login" finished-at="2020-01-24T12:59:19 EST" duration-ms="35977">
      <class name="Academy.HomePage">
        <test-method is-config="true" signature="initialize()[pri:0, instance:Academy.HomePage@64b73e7a]" started-at="2020-01-24T12:58:43 EST" name="initialize" finished-at="2020-01-24T12:58:49 EST" duration-ms="5871" status="PASS">
          <reporter-output>
          </reporter-output>
        </test-method> <!-- initialize -->
        <test-method signature="basePageNavigation(java.lang.String, java.lang.String, java.lang.String)[pri:0, instance:Academy.HomePage@64b73e7a]" started-at="2020-01-24T12:58:49 EST" name="basePageNavigation" data-provider="getData" finished-at="2020-01-24T12:59:00 EST" duration-ms="11056" status="PASS">
          <params>
            <param index="0">
              <value>
                <![CDATA[nonrestricteduser@qw.com]]>
              </value>
            </param>
            <param index="1">
              <value>
                <![CDATA[123456]]>
              </value>
            </param>
            <param index="2">
              <value>
                <![CDATA[Restrcited User]]>
              </value>
            </param>
          </params>
          <reporter-output>
          </reporter-output>
        </test-method> <!-- basePageNavigation -->
        <test-method signature="basePageNavigation(java.lang.String, java.lang.String, java.lang.String)[pri:0, instance:Academy.HomePage@64b73e7a]" started-at="2020-01-24T12:59:00 EST" name="basePageNavigation" data-provider="getData" finished-at="2020-01-24T12:59:15 EST" duration-ms="14529" status="PASS">
          <params>
            <param index="0">
              <value>
                <![CDATA[restricteduser@qw.com]]>
              </value>
            </param>
            <param index="1">
              <value>
                <![CDATA[456788]]>
              </value>
            </param>
            <param index="2">
              <value>
                <![CDATA[Non restricted user]]>
              </value>
            </param>
          </params>
          <reporter-output>
          </reporter-output>
        </test-method> <!-- basePageNavigation -->
        <test-method is-config="true" signature="teardown()[pri:0, instance:Academy.HomePage@64b73e7a]" started-at="2020-01-24T12:59:15 EST" name="teardown" finished-at="2020-01-24T12:59:19 EST" duration-ms="4475" status="PASS">
          <reporter-output>
          </reporter-output>
        </test-method> <!-- teardown -->
      </class> <!-- Academy.HomePage -->
    </test> <!-- Validating User login -->
  </suite> <!-- Suite -->
</testng-results>
